<html>
<head>
<title>TestNG:  other tests</title>
<link href="../testng.css" rel="stylesheet" type="text/css" />
<link href="../my-testng.css" rel="stylesheet" type="text/css" />

<style type="text/css">
.log { display: none;} 
.stack-trace { display: none;} 
</style>
<script type="text/javascript">
<!--
function flip(e) {
  current = e.style.display;
  if (current == 'block') {
    e.style.display = 'none';
    return 0;
  }
  else {
    e.style.display = 'block';
    return 1;
  }
}

function toggleBox(szDivId, elem, msg1, msg2)
{
  var res = -1;  if (document.getElementById) {
    res = flip(document.getElementById(szDivId));
  }
  else if (document.all) {
    // this is the way old msie versions work
    res = flip(document.all[szDivId]);
  }
  if(elem) {
    if(res == 0) elem.innerHTML = msg1; else elem.innerHTML = msg2;
  }

}

function toggleAllBoxes() {
  if (document.getElementsByTagName) {
    d = document.getElementsByTagName('div');
    for (i = 0; i < d.length; i++) {
      if (d[i].className == 'log') {
        flip(d[i]);
      }
    }
  }
}

// -->
</script>

</head>
<body>
<h2 align='center'>other tests</h2><table border='1' align="center">
<tr>
<td>Tests passed/Failed/Skipped:</td><td>16/5/0</td>
</tr><tr>
<td>Started on:</td><td>Thu Apr 21 23:06:26 PDT 2016</td>
</tr>
<tr><td>Total time:</td><td>1 seconds (1167 ms)</td>
</tr><tr>
<td>Included groups:</td><td></td>
</tr><tr>
<td>Excluded groups:</td><td></td>
</tr>
</table><p/>
<small><i>(Hover the method name to see the test class name)</i></small><p/>
<table width='100%' border='1' class='invocation-failed'>
<tr><td colspan='4' align='center'><b>FAILED TESTS</b></td></tr>
<tr><td><b>Test method</b></td>
<td width="30%"><b>Exception</b></td>
<td width="10%"><b>Time (seconds)</b></td>
<td><b>Instance</b></td>
</tr>
<tr>
<td title='testcases.PayloadFormatTesting.addAGoalWithNameContainingNullvalues()'><b>addAGoalWithNameContainingNullvalues</b><br>Test class: testcases.PayloadFormatTesting</td>
<td><div><pre>java.lang.AssertionError: expected [400] but found [302]
	at testcases.PayloadFormatTesting.addAGoalWithNameContainingNullvalues(PayloadFormatTesting.java:59)
... Removed 30 stack frames</pre></div><a href='#' onClick='toggleBox("stack-trace641664202", this, "Click to show all stack frames", "Click to hide stack frames")'>Click to show all stack frames</a>
<div class='stack-trace' id='stack-trace641664202'><pre>java.lang.AssertionError: expected [400] but found [302]
	at org.testng.Assert.fail(Assert.java:94)
	at org.testng.Assert.failNotEquals(Assert.java:513)
	at org.testng.Assert.assertEqualsImpl(Assert.java:135)
	at org.testng.Assert.assertEquals(Assert.java:116)
	at org.testng.Assert.assertEquals(Assert.java:389)
	at org.testng.Assert.assertEquals(Assert.java:399)
	at testcases.PayloadFormatTesting.addAGoalWithNameContainingNullvalues(PayloadFormatTesting.java:59)
	at sun.reflect.NativeMethodAccessorImpl.invoke0(Native Method)
	at sun.reflect.NativeMethodAccessorImpl.invoke(NativeMethodAccessorImpl.java:62)
	at sun.reflect.DelegatingMethodAccessorImpl.invoke(DelegatingMethodAccessorImpl.java:43)
	at java.lang.reflect.Method.invoke(Method.java:497)
	at org.testng.internal.MethodInvocationHelper.invokeMethod(MethodInvocationHelper.java:86)
	at org.testng.internal.Invoker.invokeMethod(Invoker.java:643)
	at org.testng.internal.Invoker.invokeTestMethod(Invoker.java:820)
	at org.testng.internal.Invoker.invokeTestMethods(Invoker.java:1128)
	at org.testng.internal.TestMethodWorker.invokeTestMethods(TestMethodWorker.java:129)
	at org.testng.internal.TestMethodWorker.run(TestMethodWorker.java:112)
	at org.testng.TestRunner.privateRun(TestRunner.java:782)
	at org.testng.TestRunner.run(TestRunner.java:632)
	at org.testng.SuiteRunner.runTest(SuiteRunner.java:366)
	at org.testng.SuiteRunner.runSequentially(SuiteRunner.java:361)
	at org.testng.SuiteRunner.privateRun(SuiteRunner.java:319)
	at org.testng.SuiteRunner.run(SuiteRunner.java:268)
	at org.testng.SuiteRunnerWorker.runSuite(SuiteRunnerWorker.java:52)
	at org.testng.SuiteRunnerWorker.run(SuiteRunnerWorker.java:86)
	at org.testng.TestNG.runSuitesSequentially(TestNG.java:1244)
	at org.testng.TestNG.runSuitesLocally(TestNG.java:1169)
	at org.testng.TestNG.run(TestNG.java:1064)
	at org.testng.remote.AbstractRemoteTestNG.run(AbstractRemoteTestNG.java:126)
	at org.testng.remote.RemoteTestNG.initAndRun(RemoteTestNG.java:137)
	at org.testng.remote.RemoteTestNG.main(RemoteTestNG.java:58)
</pre></div></td>
<td>0</td>
<td>testcases.PayloadFormatTesting@ff5b51f</td></tr>
<tr>
<td title='testcases.PayloadFormatTesting.addAGoalWithNameContainingOnlyNumeric()'><b>addAGoalWithNameContainingOnlyNumeric</b><br>Test class: testcases.PayloadFormatTesting</td>
<td><div><pre>java.lang.AssertionError: expected [400] but found [302]
	at testcases.PayloadFormatTesting.addAGoalWithNameContainingOnlyNumeric(PayloadFormatTesting.java:45)
... Removed 30 stack frames</pre></div><a href='#' onClick='toggleBox("stack-trace1251219927", this, "Click to show all stack frames", "Click to hide stack frames")'>Click to show all stack frames</a>
<div class='stack-trace' id='stack-trace1251219927'><pre>java.lang.AssertionError: expected [400] but found [302]
	at org.testng.Assert.fail(Assert.java:94)
	at org.testng.Assert.failNotEquals(Assert.java:513)
	at org.testng.Assert.assertEqualsImpl(Assert.java:135)
	at org.testng.Assert.assertEquals(Assert.java:116)
	at org.testng.Assert.assertEquals(Assert.java:389)
	at org.testng.Assert.assertEquals(Assert.java:399)
	at testcases.PayloadFormatTesting.addAGoalWithNameContainingOnlyNumeric(PayloadFormatTesting.java:45)
	at sun.reflect.NativeMethodAccessorImpl.invoke0(Native Method)
	at sun.reflect.NativeMethodAccessorImpl.invoke(NativeMethodAccessorImpl.java:62)
	at sun.reflect.DelegatingMethodAccessorImpl.invoke(DelegatingMethodAccessorImpl.java:43)
	at java.lang.reflect.Method.invoke(Method.java:497)
	at org.testng.internal.MethodInvocationHelper.invokeMethod(MethodInvocationHelper.java:86)
	at org.testng.internal.Invoker.invokeMethod(Invoker.java:643)
	at org.testng.internal.Invoker.invokeTestMethod(Invoker.java:820)
	at org.testng.internal.Invoker.invokeTestMethods(Invoker.java:1128)
	at org.testng.internal.TestMethodWorker.invokeTestMethods(TestMethodWorker.java:129)
	at org.testng.internal.TestMethodWorker.run(TestMethodWorker.java:112)
	at org.testng.TestRunner.privateRun(TestRunner.java:782)
	at org.testng.TestRunner.run(TestRunner.java:632)
	at org.testng.SuiteRunner.runTest(SuiteRunner.java:366)
	at org.testng.SuiteRunner.runSequentially(SuiteRunner.java:361)
	at org.testng.SuiteRunner.privateRun(SuiteRunner.java:319)
	at org.testng.SuiteRunner.run(SuiteRunner.java:268)
	at org.testng.SuiteRunnerWorker.runSuite(SuiteRunnerWorker.java:52)
	at org.testng.SuiteRunnerWorker.run(SuiteRunnerWorker.java:86)
	at org.testng.TestNG.runSuitesSequentially(TestNG.java:1244)
	at org.testng.TestNG.runSuitesLocally(TestNG.java:1169)
	at org.testng.TestNG.run(TestNG.java:1064)
	at org.testng.remote.AbstractRemoteTestNG.run(AbstractRemoteTestNG.java:126)
	at org.testng.remote.RemoteTestNG.initAndRun(RemoteTestNG.java:137)
	at org.testng.remote.RemoteTestNG.main(RemoteTestNG.java:58)
</pre></div></td>
<td>0</td>
<td>testcases.PayloadFormatTesting@ff5b51f</td></tr>
<tr>
<td title='testcases.PayloadFormatTesting.addAGoalWithNotesContainingIntegerValue()'><b>addAGoalWithNotesContainingIntegerValue</b><br>Test class: testcases.PayloadFormatTesting</td>
<td><div><pre>java.lang.AssertionError: expected [400] but found [302]
	at testcases.PayloadFormatTesting.addAGoalWithNotesContainingIntegerValue(PayloadFormatTesting.java:159)
... Removed 30 stack frames</pre></div><a href='#' onClick='toggleBox("stack-trace1418315639", this, "Click to show all stack frames", "Click to hide stack frames")'>Click to show all stack frames</a>
<div class='stack-trace' id='stack-trace1418315639'><pre>java.lang.AssertionError: expected [400] but found [302]
	at org.testng.Assert.fail(Assert.java:94)
	at org.testng.Assert.failNotEquals(Assert.java:513)
	at org.testng.Assert.assertEqualsImpl(Assert.java:135)
	at org.testng.Assert.assertEquals(Assert.java:116)
	at org.testng.Assert.assertEquals(Assert.java:389)
	at org.testng.Assert.assertEquals(Assert.java:399)
	at testcases.PayloadFormatTesting.addAGoalWithNotesContainingIntegerValue(PayloadFormatTesting.java:159)
	at sun.reflect.NativeMethodAccessorImpl.invoke0(Native Method)
	at sun.reflect.NativeMethodAccessorImpl.invoke(NativeMethodAccessorImpl.java:62)
	at sun.reflect.DelegatingMethodAccessorImpl.invoke(DelegatingMethodAccessorImpl.java:43)
	at java.lang.reflect.Method.invoke(Method.java:497)
	at org.testng.internal.MethodInvocationHelper.invokeMethod(MethodInvocationHelper.java:86)
	at org.testng.internal.Invoker.invokeMethod(Invoker.java:643)
	at org.testng.internal.Invoker.invokeTestMethod(Invoker.java:820)
	at org.testng.internal.Invoker.invokeTestMethods(Invoker.java:1128)
	at org.testng.internal.TestMethodWorker.invokeTestMethods(TestMethodWorker.java:129)
	at org.testng.internal.TestMethodWorker.run(TestMethodWorker.java:112)
	at org.testng.TestRunner.privateRun(TestRunner.java:782)
	at org.testng.TestRunner.run(TestRunner.java:632)
	at org.testng.SuiteRunner.runTest(SuiteRunner.java:366)
	at org.testng.SuiteRunner.runSequentially(SuiteRunner.java:361)
	at org.testng.SuiteRunner.privateRun(SuiteRunner.java:319)
	at org.testng.SuiteRunner.run(SuiteRunner.java:268)
	at org.testng.SuiteRunnerWorker.runSuite(SuiteRunnerWorker.java:52)
	at org.testng.SuiteRunnerWorker.run(SuiteRunnerWorker.java:86)
	at org.testng.TestNG.runSuitesSequentially(TestNG.java:1244)
	at org.testng.TestNG.runSuitesLocally(TestNG.java:1169)
	at org.testng.TestNG.run(TestNG.java:1064)
	at org.testng.remote.AbstractRemoteTestNG.run(AbstractRemoteTestNG.java:126)
	at org.testng.remote.RemoteTestNG.initAndRun(RemoteTestNG.java:137)
	at org.testng.remote.RemoteTestNG.main(RemoteTestNG.java:58)
</pre></div></td>
<td>0</td>
<td>testcases.PayloadFormatTesting@ff5b51f</td></tr>
<tr>
<td title='testcases.PayloadFormatTesting.addAGoalWithNotesContainingNullvalues()'><b>addAGoalWithNotesContainingNullvalues</b><br>Test class: testcases.PayloadFormatTesting</td>
<td><div><pre>java.lang.AssertionError: expected [400] but found [302]
	at testcases.PayloadFormatTesting.addAGoalWithNotesContainingNullvalues(PayloadFormatTesting.java:174)
... Removed 30 stack frames</pre></div><a href='#' onClick='toggleBox("stack-trace727497138", this, "Click to show all stack frames", "Click to hide stack frames")'>Click to show all stack frames</a>
<div class='stack-trace' id='stack-trace727497138'><pre>java.lang.AssertionError: expected [400] but found [302]
	at org.testng.Assert.fail(Assert.java:94)
	at org.testng.Assert.failNotEquals(Assert.java:513)
	at org.testng.Assert.assertEqualsImpl(Assert.java:135)
	at org.testng.Assert.assertEquals(Assert.java:116)
	at org.testng.Assert.assertEquals(Assert.java:389)
	at org.testng.Assert.assertEquals(Assert.java:399)
	at testcases.PayloadFormatTesting.addAGoalWithNotesContainingNullvalues(PayloadFormatTesting.java:174)
	at sun.reflect.NativeMethodAccessorImpl.invoke0(Native Method)
	at sun.reflect.NativeMethodAccessorImpl.invoke(NativeMethodAccessorImpl.java:62)
	at sun.reflect.DelegatingMethodAccessorImpl.invoke(DelegatingMethodAccessorImpl.java:43)
	at java.lang.reflect.Method.invoke(Method.java:497)
	at org.testng.internal.MethodInvocationHelper.invokeMethod(MethodInvocationHelper.java:86)
	at org.testng.internal.Invoker.invokeMethod(Invoker.java:643)
	at org.testng.internal.Invoker.invokeTestMethod(Invoker.java:820)
	at org.testng.internal.Invoker.invokeTestMethods(Invoker.java:1128)
	at org.testng.internal.TestMethodWorker.invokeTestMethods(TestMethodWorker.java:129)
	at org.testng.internal.TestMethodWorker.run(TestMethodWorker.java:112)
	at org.testng.TestRunner.privateRun(TestRunner.java:782)
	at org.testng.TestRunner.run(TestRunner.java:632)
	at org.testng.SuiteRunner.runTest(SuiteRunner.java:366)
	at org.testng.SuiteRunner.runSequentially(SuiteRunner.java:361)
	at org.testng.SuiteRunner.privateRun(SuiteRunner.java:319)
	at org.testng.SuiteRunner.run(SuiteRunner.java:268)
	at org.testng.SuiteRunnerWorker.runSuite(SuiteRunnerWorker.java:52)
	at org.testng.SuiteRunnerWorker.run(SuiteRunnerWorker.java:86)
	at org.testng.TestNG.runSuitesSequentially(TestNG.java:1244)
	at org.testng.TestNG.runSuitesLocally(TestNG.java:1169)
	at org.testng.TestNG.run(TestNG.java:1064)
	at org.testng.remote.AbstractRemoteTestNG.run(AbstractRemoteTestNG.java:126)
	at org.testng.remote.RemoteTestNG.initAndRun(RemoteTestNG.java:137)
	at org.testng.remote.RemoteTestNG.main(RemoteTestNG.java:58)
</pre></div></td>
<td>0</td>
<td>testcases.PayloadFormatTesting@ff5b51f</td></tr>
<tr>
<td title='testcases.PayloadFormatTesting.addAGoalWithWegihtContainingDoubleValue()'><b>addAGoalWithWegihtContainingDoubleValue</b><br>Test class: testcases.PayloadFormatTesting</td>
<td><div><pre>java.lang.AssertionError: expected [400] but found [302]
	at testcases.PayloadFormatTesting.addAGoalWithWegihtContainingDoubleValue(PayloadFormatTesting.java:133)
... Removed 30 stack frames</pre></div><a href='#' onClick='toggleBox("stack-trace718512571", this, "Click to show all stack frames", "Click to hide stack frames")'>Click to show all stack frames</a>
<div class='stack-trace' id='stack-trace718512571'><pre>java.lang.AssertionError: expected [400] but found [302]
	at org.testng.Assert.fail(Assert.java:94)
	at org.testng.Assert.failNotEquals(Assert.java:513)
	at org.testng.Assert.assertEqualsImpl(Assert.java:135)
	at org.testng.Assert.assertEquals(Assert.java:116)
	at org.testng.Assert.assertEquals(Assert.java:389)
	at org.testng.Assert.assertEquals(Assert.java:399)
	at testcases.PayloadFormatTesting.addAGoalWithWegihtContainingDoubleValue(PayloadFormatTesting.java:133)
	at sun.reflect.NativeMethodAccessorImpl.invoke0(Native Method)
	at sun.reflect.NativeMethodAccessorImpl.invoke(NativeMethodAccessorImpl.java:62)
	at sun.reflect.DelegatingMethodAccessorImpl.invoke(DelegatingMethodAccessorImpl.java:43)
	at java.lang.reflect.Method.invoke(Method.java:497)
	at org.testng.internal.MethodInvocationHelper.invokeMethod(MethodInvocationHelper.java:86)
	at org.testng.internal.Invoker.invokeMethod(Invoker.java:643)
	at org.testng.internal.Invoker.invokeTestMethod(Invoker.java:820)
	at org.testng.internal.Invoker.invokeTestMethods(Invoker.java:1128)
	at org.testng.internal.TestMethodWorker.invokeTestMethods(TestMethodWorker.java:129)
	at org.testng.internal.TestMethodWorker.run(TestMethodWorker.java:112)
	at org.testng.TestRunner.privateRun(TestRunner.java:782)
	at org.testng.TestRunner.run(TestRunner.java:632)
	at org.testng.SuiteRunner.runTest(SuiteRunner.java:366)
	at org.testng.SuiteRunner.runSequentially(SuiteRunner.java:361)
	at org.testng.SuiteRunner.privateRun(SuiteRunner.java:319)
	at org.testng.SuiteRunner.run(SuiteRunner.java:268)
	at org.testng.SuiteRunnerWorker.runSuite(SuiteRunnerWorker.java:52)
	at org.testng.SuiteRunnerWorker.run(SuiteRunnerWorker.java:86)
	at org.testng.TestNG.runSuitesSequentially(TestNG.java:1244)
	at org.testng.TestNG.runSuitesLocally(TestNG.java:1169)
	at org.testng.TestNG.run(TestNG.java:1064)
	at org.testng.remote.AbstractRemoteTestNG.run(AbstractRemoteTestNG.java:126)
	at org.testng.remote.RemoteTestNG.initAndRun(RemoteTestNG.java:137)
	at org.testng.remote.RemoteTestNG.main(RemoteTestNG.java:58)
</pre></div></td>
<td>0</td>
<td>testcases.PayloadFormatTesting@ff5b51f</td></tr>
</table><p>
<table width='100%' border='1' class='invocation-passed'>
<tr><td colspan='4' align='center'><b>PASSED TESTS</b></td></tr>
<tr><td><b>Test method</b></td>
<td width="30%"><b>Exception</b></td>
<td width="10%"><b>Time (seconds)</b></td>
<td><b>Instance</b></td>
</tr>
<tr>
<td title='testcases.PayloadFormatTesting.addAGoalWithDateContainingInvalidValue()'><b>addAGoalWithDateContainingInvalidValue</b><br>Test class: testcases.PayloadFormatTesting</td>
<td></td>
<td>0</td>
<td>testcases.PayloadFormatTesting@ff5b51f</td></tr>
<tr>
<td title='testcases.PayloadFormatTesting.addAGoalWithNameContainingAlphanumeric()'><b>addAGoalWithNameContainingAlphanumeric</b><br>Test class: testcases.PayloadFormatTesting</td>
<td></td>
<td>0</td>
<td>testcases.PayloadFormatTesting@ff5b51f</td></tr>
<tr>
<td title='testcases.PayloadFormatTesting.addAGoalWithNameContainingEmptyValue()'><b>addAGoalWithNameContainingEmptyValue</b><br>Test class: testcases.PayloadFormatTesting</td>
<td></td>
<td>0</td>
<td>testcases.PayloadFormatTesting@ff5b51f</td></tr>
<tr>
<td title='testcases.PayloadFormatTesting.addAGoalWithNameContainingLongStringLength()'><b>addAGoalWithNameContainingLongStringLength</b><br>Test class: testcases.PayloadFormatTesting</td>
<td></td>
<td>0</td>
<td>testcases.PayloadFormatTesting@ff5b51f</td></tr>
<tr>
<td title='testcases.PayloadFormatTesting.addAGoalWithNotesContainingEmptyValue()'><b>addAGoalWithNotesContainingEmptyValue</b><br>Test class: testcases.PayloadFormatTesting</td>
<td></td>
<td>0</td>
<td>testcases.PayloadFormatTesting@ff5b51f</td></tr>
<tr>
<td title='testcases.PayloadFormatTesting.addAGoalWithNotesContainingLongStringLength()'><b>addAGoalWithNotesContainingLongStringLength</b><br>Test class: testcases.PayloadFormatTesting</td>
<td></td>
<td>0</td>
<td>testcases.PayloadFormatTesting@ff5b51f</td></tr>
<tr>
<td title='testcases.PayloadFormatTesting.addAGoalWithNullInputAndValidateTheDataLoad()'><b>addAGoalWithNullInputAndValidateTheDataLoad</b><br>Test class: testcases.PayloadFormatTesting</td>
<td></td>
<td>0</td>
<td>testcases.PayloadFormatTesting@ff5b51f</td></tr>
<tr>
<td title='testcases.PayloadFormatTesting.addAGoalWithWegihtContainingStringValue()'><b>addAGoalWithWegihtContainingStringValue</b><br>Test class: testcases.PayloadFormatTesting</td>
<td></td>
<td>0</td>
<td>testcases.PayloadFormatTesting@ff5b51f</td></tr>
<tr>
<td title='testcases.PayloadFormatTesting.addAGoalWithWeightContainingNegativeValue()'><b>addAGoalWithWeightContainingNegativeValue</b><br>Test class: testcases.PayloadFormatTesting</td>
<td></td>
<td>0</td>
<td>testcases.PayloadFormatTesting@ff5b51f</td></tr>
<tr>
<td title='testcases.PayloadFormatTesting.addMoreThanOneGoalinAPostRequest()'><b>addMoreThanOneGoalinAPostRequest</b><br>Test class: testcases.PayloadFormatTesting</td>
<td></td>
<td>0</td>
<td>testcases.PayloadFormatTesting@ff5b51f</td></tr>
<tr>
<td title='testcases.HeadersAndContentTypeTests.sendGetRequestAndVerifyContentType()'><b>sendGetRequestAndVerifyContentType</b><br>Test class: testcases.HeadersAndContentTypeTests</td>
<td></td>
<td>0</td>
<td>testcases.HeadersAndContentTypeTests@1ed4004b</td></tr>
<tr>
<td title='testcases.HeadersAndContentTypeTests.sendGetRequestToNonExistingURI()'><b>sendGetRequestToNonExistingURI</b><br>Test class: testcases.HeadersAndContentTypeTests</td>
<td></td>
<td>0</td>
<td>testcases.HeadersAndContentTypeTests@1ed4004b</td></tr>
<tr>
<td title='testcases.HeadersAndContentTypeTests.sendGetRequestToaWrongURI()'><b>sendGetRequestToaWrongURI</b><br>Test class: testcases.HeadersAndContentTypeTests</td>
<td></td>
<td>0</td>
<td>testcases.HeadersAndContentTypeTests@1ed4004b</td></tr>
<tr>
<td title='testcases.HeadersAndContentTypeTests.sendPostRequestToAWrongURI()'><b>sendPostRequestToAWrongURI</b><br>Test class: testcases.HeadersAndContentTypeTests</td>
<td></td>
<td>0</td>
<td>testcases.HeadersAndContentTypeTests@1ed4004b</td></tr>
<tr>
<td title='testcases.HeadersAndContentTypeTests.sendPostRequestWithAHeader()'><b>sendPostRequestWithAHeader</b><br>Test class: testcases.HeadersAndContentTypeTests</td>
<td></td>
<td>0</td>
<td>testcases.HeadersAndContentTypeTests@1ed4004b</td></tr>
<tr>
<td title='testcases.HeadersAndContentTypeTests.sendPostRequestWithInvalidContentType()'><b>sendPostRequestWithInvalidContentType</b><br>Test class: testcases.HeadersAndContentTypeTests</td>
<td></td>
<td>0</td>
<td>testcases.HeadersAndContentTypeTests@1ed4004b</td></tr>
</table><p>
</body>
</html>