<?xml version="1.0" encoding="UTF-8"?>
<!-- Generated by org.testng.reporters.JUnitXMLReporter -->
<testsuite hostname="Brijiths-MBP.hsd1.ca.comcast.net" name="other tests" tests="21" failures="5" timestamp="22 Apr 2016 06:06:27 GMT" time="1.167" errors="0">
  <testcase name="sendGetRequestAndVerifyContentType" time="0.033" classname="testcases.HeadersAndContentTypeTests"/>
  <testcase name="sendGetRequestToNonExistingURI" time="0.012" classname="testcases.HeadersAndContentTypeTests"/>
  <testcase name="sendGetRequestToaWrongURI" time="0.016" classname="testcases.HeadersAndContentTypeTests"/>
  <testcase name="sendPostRequestToAWrongURI" time="0.02" classname="testcases.HeadersAndContentTypeTests"/>
  <testcase name="sendPostRequestWithAHeader" time="0.027" classname="testcases.HeadersAndContentTypeTests"/>
  <testcase name="sendPostRequestWithInvalidContentType" time="0.018" classname="testcases.HeadersAndContentTypeTests"/>
  <testcase name="addAGoalWithDateContainingInvalidValue" time="0.039" classname="testcases.PayloadFormatTesting"/>
  <testcase name="addAGoalWithNameContainingAlphanumeric" time="0.023" classname="testcases.PayloadFormatTesting"/>
  <testcase name="addAGoalWithNameContainingEmptyValue" time="0.052" classname="testcases.PayloadFormatTesting"/>
  <testcase name="addAGoalWithNameContainingLongStringLength" time="0.326" classname="testcases.PayloadFormatTesting"/>
  <testcase name="addAGoalWithNameContainingNullvalues" time="0.017" classname="testcases.PayloadFormatTesting">
    <failure type="java.lang.AssertionError" message="expected [400] but found [302]">
      <![CDATA[java.lang.AssertionError: expected [400] but found [302]
	at testcases.PayloadFormatTesting.addAGoalWithNameContainingNullvalues(PayloadFormatTesting.java:59)
... Removed 30 stack frames]]>
    </failure>
  </testcase> <!-- addAGoalWithNameContainingNullvalues -->
  <testcase name="addAGoalWithNameContainingOnlyNumeric" time="0.028" classname="testcases.PayloadFormatTesting">
    <failure type="java.lang.AssertionError" message="expected [400] but found [302]">
      <![CDATA[java.lang.AssertionError: expected [400] but found [302]
	at testcases.PayloadFormatTesting.addAGoalWithNameContainingOnlyNumeric(PayloadFormatTesting.java:45)
... Removed 30 stack frames]]>
    </failure>
  </testcase> <!-- addAGoalWithNameContainingOnlyNumeric -->
  <testcase name="addAGoalWithNotesContainingEmptyValue" time="0.025" classname="testcases.PayloadFormatTesting"/>
  <testcase name="addAGoalWithNotesContainingIntegerValue" time="0.015" classname="testcases.PayloadFormatTesting">
    <failure type="java.lang.AssertionError" message="expected [400] but found [302]">
      <![CDATA[java.lang.AssertionError: expected [400] but found [302]
	at testcases.PayloadFormatTesting.addAGoalWithNotesContainingIntegerValue(PayloadFormatTesting.java:159)
... Removed 30 stack frames]]>
    </failure>
  </testcase> <!-- addAGoalWithNotesContainingIntegerValue -->
  <testcase name="addAGoalWithNotesContainingLongStringLength" time="0.292" classname="testcases.PayloadFormatTesting"/>
  <testcase name="addAGoalWithNotesContainingNullvalues" time="0.02" classname="testcases.PayloadFormatTesting">
    <failure type="java.lang.AssertionError" message="expected [400] but found [302]">
      <![CDATA[java.lang.AssertionError: expected [400] but found [302]
	at testcases.PayloadFormatTesting.addAGoalWithNotesContainingNullvalues(PayloadFormatTesting.java:174)
... Removed 30 stack frames]]>
    </failure>
  </testcase> <!-- addAGoalWithNotesContainingNullvalues -->
  <testcase name="addAGoalWithNullInputAndValidateTheDataLoad" time="0.029" classname="testcases.PayloadFormatTesting"/>
  <testcase name="addAGoalWithWegihtContainingDoubleValue" time="0.048" classname="testcases.PayloadFormatTesting">
    <failure type="java.lang.AssertionError" message="expected [400] but found [302]">
      <![CDATA[java.lang.AssertionError: expected [400] but found [302]
	at testcases.PayloadFormatTesting.addAGoalWithWegihtContainingDoubleValue(PayloadFormatTesting.java:133)
... Removed 30 stack frames]]>
    </failure>
  </testcase> <!-- addAGoalWithWegihtContainingDoubleValue -->
  <testcase name="addAGoalWithWegihtContainingStringValue" time="0.012" classname="testcases.PayloadFormatTesting"/>
  <testcase name="addAGoalWithWeightContainingNegativeValue" time="0.012" classname="testcases.PayloadFormatTesting"/>
  <testcase name="addMoreThanOneGoalinAPostRequest" time="0.019" classname="testcases.PayloadFormatTesting"/>
</testsuite> <!-- other tests -->
